<?xml version="1.0" encoding="UTF-8"?>
<!-- Generated by org.testng.reporters.JUnitXMLReporter -->
<testsuite hostname="hp-PC" ignored="0" name="Add Customer Test" tests="4" failures="0" timestamp="2020-04-06T20:33:26 IST" time="21.429" errors="0">
  <testcase name="addCustomerTest" time="7.306" classname="com.w2a.testcases.AddCustomerTest"/>
  <testcase name="addCustomerTest" time="0.001" classname="com.w2a.testcases.AddCustomerTest">
    <skipped/>
  </testcase> <!-- addCustomerTest -->
  <testcase name="addCustomerTest" time="6.743" classname="com.w2a.testcases.AddCustomerTest"/>
  <testcase name="addCustomerTest" time="6.747" classname="com.w2a.testcases.AddCustomerTest"/>
</testsuite> <!-- Add Customer Test -->
