<?xml version="1.0" encoding="UTF-8"?>
<testng-results skipped="1" failed="0" ignored="0" total="6" passed="5">
  <reporter-output>
    <line>
      <![CDATA[<br>Verification failure : expected [abc] but found [xyz]<b>]]>
    </line>
    <line>
      <![CDATA[<a target="_blank" href=Mon_Apr_06_20_32_59_IST_2020.jpg><img src=Mon_Apr_06_20_32_59_IST_2020.jpg height=200 width=200></img></a>]]>
    </line>
    <line>
      <![CDATA[<br>]]>
    </line>
    <line>
      <![CDATA[<br>]]>
    </line>
  </reporter-output>
  <suite name="Data Driven Basics" duration-ms="31764" started-at="2020-04-06T20:32:58 IST" finished-at="2020-04-06T20:33:30 IST">
    <groups>
    </groups>
    <test name="Bank Manager Login Test" duration-ms="5580" started-at="2020-04-06T20:32:58 IST" finished-at="2020-04-06T20:33:04 IST">
      <class name="com.w2a.testcases.BankManagerLoginTest">
        <test-method status="PASS" signature="bankManagerLoginTest()[pri:0, instance:com.w2a.testcases.BankManagerLoginTest@60015ef5]" name="bankManagerLoginTest" duration-ms="4689" started-at="2020-04-06T20:32:59 IST" finished-at="2020-04-06T20:33:03 IST">
          <reporter-output>
            <line>
              <![CDATA[<br>Verification failure : expected [abc] but found [xyz]<b>]]>
            </line>
            <line>
              <![CDATA[<a target="_blank" href=Mon_Apr_06_20_32_59_IST_2020.jpg><img src=Mon_Apr_06_20_32_59_IST_2020.jpg height=200 width=200></img></a>]]>
            </line>
            <line>
              <![CDATA[<br>]]>
            </line>
            <line>
              <![CDATA[<br>]]>
            </line>
          </reporter-output>
        </test-method> <!-- bankManagerLoginTest -->
      </class> <!-- com.w2a.testcases.BankManagerLoginTest -->
    </test> <!-- Bank Manager Login Test -->
    <test name="Add Customer Test" duration-ms="21429" started-at="2020-04-06T20:33:04 IST" finished-at="2020-04-06T20:33:26 IST">
      <class name="com.w2a.testcases.AddCustomerTest">
        <test-method status="PASS" signature="addCustomerTest(java.util.Hashtable)[pri:0, instance:com.w2a.testcases.AddCustomerTest@46fa7c39]" name="addCustomerTest" duration-ms="7306" started-at="2020-04-06T20:33:04 IST" data-provider="dp" finished-at="2020-04-06T20:33:11 IST">
          <params>
            <param index="0">
              <value>
                <![CDATA[{postCode=As22d, alerttext=Customer added successfully, lastName=Mutcharla, firstName=Priya, runmode=Y}]]>
              </value>
            </param>
          </params>
          <reporter-output>
          </reporter-output>
        </test-method> <!-- addCustomerTest -->
        <test-method status="SKIP" signature="addCustomerTest(java.util.Hashtable)[pri:0, instance:com.w2a.testcases.AddCustomerTest@46fa7c39]" name="addCustomerTest" duration-ms="1" started-at="2020-04-06T20:33:12 IST" data-provider="dp" finished-at="2020-04-06T20:33:12 IST">
          <params>
            <param index="0">
              <value>
                <![CDATA[{postCode=sw23, alerttext=Customer added successfully, lastName=vdvd, firstName=Prasad, runmode=N}]]>
              </value>
            </param>
          </params>
          <exception class="org.testng.SkipException">
            <message>
              <![CDATA[Skipping the test as the runmode is NO]]>
            </message>
            <full-stacktrace>
              <![CDATA[org.testng.SkipException: Skipping the test as the runmode is NO
at com.w2a.testcases.AddCustomerTest.addCustomerTest(AddCustomerTest.java:25)
at sun.reflect.NativeMethodAccessorImpl.invoke0(Native Method)
at sun.reflect.NativeMethodAccessorImpl.invoke(NativeMethodAccessorImpl.java:62)
at sun.reflect.DelegatingMethodAccessorImpl.invoke(DelegatingMethodAccessorImpl.java:43)
at java.lang.reflect.Method.invoke(Method.java:498)
at org.testng.internal.MethodInvocationHelper.invokeMethod(MethodInvocationHelper.java:134)
at org.testng.internal.TestInvoker.invokeMethod(TestInvoker.java:597)
at org.testng.internal.TestInvoker.invokeTestMethod(TestInvoker.java:173)
at org.testng.internal.MethodRunner.runInSequence(MethodRunner.java:46)
at org.testng.internal.TestInvoker$MethodInvocationAgent.invoke(TestInvoker.java:816)
at org.testng.internal.TestInvoker.invokeTestMethods(TestInvoker.java:146)
at org.testng.internal.TestMethodWorker.invokeTestMethods(TestMethodWorker.java:146)
at org.testng.internal.TestMethodWorker.run(TestMethodWorker.java:128)
at java.util.ArrayList.forEach(ArrayList.java:1257)
at org.testng.TestRunner.privateRun(TestRunner.java:766)
at org.testng.TestRunner.run(TestRunner.java:587)
at org.testng.SuiteRunner.runTest(SuiteRunner.java:384)
at org.testng.SuiteRunner.runSequentially(SuiteRunner.java:378)
at org.testng.SuiteRunner.privateRun(SuiteRunner.java:337)
at org.testng.SuiteRunner.run(SuiteRunner.java:286)
at org.testng.SuiteRunnerWorker.runSuite(SuiteRunnerWorker.java:53)
at org.testng.SuiteRunnerWorker.run(SuiteRunnerWorker.java:96)
at org.testng.TestNG.runSuitesSequentially(TestNG.java:1187)
at org.testng.TestNG.runSuitesLocally(TestNG.java:1109)
at org.testng.TestNG.runSuites(TestNG.java:1039)
at org.testng.TestNG.run(TestNG.java:1007)
at org.apache.maven.surefire.testng.TestNGExecutor.run(TestNGExecutor.java:295)
at org.apache.maven.surefire.testng.TestNGXmlTestSuite.execute(TestNGXmlTestSuite.java:84)
at org.apache.maven.surefire.testng.TestNGProvider.invoke(TestNGProvider.java:90)
at org.apache.maven.surefire.booter.ForkedBooter.invokeProviderInSameClassLoader(ForkedBooter.java:203)
at org.apache.maven.surefire.booter.ForkedBooter.runSuitesInProcess(ForkedBooter.java:155)
at org.apache.maven.surefire.booter.ForkedBooter.main(ForkedBooter.java:103)
]]>
            </full-stacktrace>
          </exception> <!-- org.testng.SkipException -->
          <reporter-output>
          </reporter-output>
        </test-method> <!-- addCustomerTest -->
        <test-method status="PASS" signature="addCustomerTest(java.util.Hashtable)[pri:0, instance:com.w2a.testcases.AddCustomerTest@46fa7c39]" name="addCustomerTest" duration-ms="6743" started-at="2020-04-06T20:33:12 IST" data-provider="dp" finished-at="2020-04-06T20:33:19 IST">
          <params>
            <param index="0">
              <value>
                <![CDATA[{postCode=ewe3, alerttext=Customer added successfully, lastName=sdsdsc, firstName=Rama, runmode=Y}]]>
              </value>
            </param>
          </params>
          <reporter-output>
          </reporter-output>
        </test-method> <!-- addCustomerTest -->
        <test-method status="PASS" signature="addCustomerTest(java.util.Hashtable)[pri:0, instance:com.w2a.testcases.AddCustomerTest@46fa7c39]" name="addCustomerTest" duration-ms="6747" started-at="2020-04-06T20:33:19 IST" data-provider="dp" finished-at="2020-04-06T20:33:25 IST">
          <params>
            <param index="0">
              <value>
                <![CDATA[{postCode=232sf, alerttext=Customer added successfully, lastName=mosidios, firstName=Bhagi, runmode=Y}]]>
              </value>
            </param>
          </params>
          <reporter-output>
          </reporter-output>
        </test-method> <!-- addCustomerTest -->
      </class> <!-- com.w2a.testcases.AddCustomerTest -->
    </test> <!-- Add Customer Test -->
    <test name="Open Account Test" duration-ms="4610" started-at="2020-04-06T20:33:26 IST" finished-at="2020-04-06T20:33:30 IST">
      <class name="com.w2a.testcases.OpenAccountTest">
        <test-method status="PASS" signature="setUp()[pri:0, instance:com.w2a.testcases.OpenAccountTest@76f2bbc1]" name="setUp" is-config="true" duration-ms="11761" started-at="2020-04-06T20:32:47 IST" finished-at="2020-04-06T20:32:58 IST">
          <reporter-output>
          </reporter-output>
        </test-method> <!-- setUp -->
        <test-method status="PASS" signature="openAccountTest(java.util.Hashtable)[pri:0, instance:com.w2a.testcases.OpenAccountTest@76f2bbc1]" name="openAccountTest" duration-ms="4341" started-at="2020-04-06T20:33:26 IST" data-provider="dp" finished-at="2020-04-06T20:33:30 IST">
          <params>
            <param index="0">
              <value>
                <![CDATA[{currency=Rupee, customer=Priya Mutcharla}]]>
              </value>
            </param>
          </params>
          <reporter-output>
          </reporter-output>
        </test-method> <!-- openAccountTest -->
        <test-method status="PASS" signature="tearDown()[pri:0, instance:com.w2a.testcases.OpenAccountTest@76f2bbc1]" name="tearDown" is-config="true" duration-ms="1601" started-at="2020-04-06T20:33:30 IST" finished-at="2020-04-06T20:33:32 IST">
          <reporter-output>
          </reporter-output>
        </test-method> <!-- tearDown -->
      </class> <!-- com.w2a.testcases.OpenAccountTest -->
    </test> <!-- Open Account Test -->
  </suite> <!-- Data Driven Basics -->
</testng-results>
